Using pre-set license
Built from '2020.3/staging' branch; Version is '2020.3.26f1 (7298b473bc1a) revision 7510196'; Using compiler version '192528614'; Build Type 'Release'
OS: 'Windows 10  (10.0.19044) 64bit Professional' Language: 'ru' Physical Memory: 32609 MB
BatchMode: 1, IsHumanControllingUs: 0, StartBugReporterOnCrash: 0, Is64bit: 1, IsPro: 0

COMMAND LINE ARGUMENTS:
C:\Program Files\Unity\Hub\Editor\2020.3.26f1\Editor\Unity.exe
-adb2
-batchMode
-noUpm
-name
AssetImportWorker0
-projectPath
C:/Users/B1esie/Documents/GitHub/Tetris/B1esieTetris
-logFile
Logs/AssetImportWorker0.log
-srvPort
55550
Successfully changed project path to: C:/Users/B1esie/Documents/GitHub/Tetris/B1esieTetris
C:/Users/B1esie/Documents/GitHub/Tetris/B1esieTetris
Using Asset Import Pipeline V2.
Refreshing native plugins compatible for Editor in 30.35 ms, found 3 plugins.
Preloading 0 native plugins for Editor in 0.00 ms.
Initialize engine version: 2020.3.26f1 (7298b473bc1a)
[Subsystems] Discovering subsystems at path C:/Program Files/Unity/Hub/Editor/2020.3.26f1/Editor/Data/Resources/UnitySubsystems
[Subsystems] Discovering subsystems at path C:/Users/B1esie/Documents/GitHub/Tetris/B1esieTetris/Assets
GfxDevice: creating device client; threaded=0
Direct3D:
    Version:  Direct3D 11.0 [level 11.1]
    Renderer: AMD Radeon RX 6600 XT (ID=0x73ff)
    Vendor:   
    VRAM:     8147 MB
    Driver:   30.0.21017.1000
Initialize mono
Mono path[0] = 'C:/Program Files/Unity/Hub/Editor/2020.3.26f1/Editor/Data/Managed'
Mono path[1] = 'C:/Program Files/Unity/Hub/Editor/2020.3.26f1/Editor/Data/MonoBleedingEdge/lib/mono/unityjit'
Mono config path = 'C:/Program Files/Unity/Hub/Editor/2020.3.26f1/Editor/Data/MonoBleedingEdge/etc'
Using monoOptions --debugger-agent=transport=dt_socket,embedding=1,server=y,suspend=n,address=127.0.0.1:56092
Begin MonoManager ReloadAssembly
Registering precompiled unity dll's ...
Register platform support module: C:/Program Files/Unity/Hub/Editor/2020.3.26f1/Editor/Data/PlaybackEngines/WindowsStandaloneSupport/UnityEditor.WindowsStandalone.Extensions.dll
Registered in 0.001109 seconds.
Native extension for WindowsStandalone target not found
Refreshing native plugins compatible for Editor in 29.39 ms, found 3 plugins.
Preloading 0 native plugins for Editor in 0.00 ms.
Mono: successfully reloaded assembly
- Completed reload, in  0.414 seconds
Domain Reload Profiling:
	ReloadAssembly (414ms)
		BeginReloadAssembly (35ms)
			ExecutionOrderSort (0ms)
			DisableScriptedObjects (0ms)
			BackupInstance (0ms)
			ReleaseScriptingObjects (0ms)
			CreateAndSetChildDomain (1ms)
		EndReloadAssembly (329ms)
			LoadAssemblies (34ms)
			RebuildTransferFunctionScriptingTraits (0ms)
			SetupTypeCache (119ms)
			ReleaseScriptCaches (0ms)
			RebuildScriptCaches (18ms)
			SetupLoadedEditorAssemblies (122ms)
				LogAssemblyErrors (0ms)
				InitializePlatformSupportModulesInManaged (3ms)
				SetLoadedEditorAssemblies (0ms)
				RefreshPlugins (29ms)
				BeforeProcessingInitializeOnLoad (14ms)
				ProcessInitializeOnLoadAttributes (56ms)
				ProcessInitializeOnLoadMethodAttributes (20ms)
				AfterProcessingInitializeOnLoad (0ms)
				EditorAssembliesLoaded (0ms)
			ExecutionOrderSort2 (0ms)
			AwakeInstancesAfterBackupRestoration (0ms)
Platform modules already initialized, skipping
Registering precompiled user dll's ...
Registered in 0.003306 seconds.
Begin MonoManager ReloadAssembly
Native extension for WindowsStandalone target not found
Refreshing native plugins compatible for Editor in 29.96 ms, found 3 plugins.
Preloading 0 native plugins for Editor in 0.00 ms.
Mono: successfully reloaded assembly
- Completed reload, in  0.735 seconds
Domain Reload Profiling:
	ReloadAssembly (736ms)
		BeginReloadAssembly (91ms)
			ExecutionOrderSort (0ms)
			DisableScriptedObjects (3ms)
			BackupInstance (0ms)
			ReleaseScriptingObjects (0ms)
			CreateAndSetChildDomain (13ms)
		EndReloadAssembly (604ms)
			LoadAssemblies (58ms)
			RebuildTransferFunctionScriptingTraits (0ms)
			SetupTypeCache (195ms)
			ReleaseScriptCaches (0ms)
			RebuildScriptCaches (28ms)
			SetupLoadedEditorAssemblies (243ms)
				LogAssemblyErrors (0ms)
				InitializePlatformSupportModulesInManaged (2ms)
				SetLoadedEditorAssemblies (0ms)
				RefreshPlugins (30ms)
				BeforeProcessingInitializeOnLoad (56ms)
				ProcessInitializeOnLoadAttributes (138ms)
				ProcessInitializeOnLoadMethodAttributes (12ms)
				AfterProcessingInitializeOnLoad (4ms)
				EditorAssembliesLoaded (0ms)
			ExecutionOrderSort2 (0ms)
			AwakeInstancesAfterBackupRestoration (4ms)
Platform modules already initialized, skipping
========================================================================
Worker process is ready to serve import requests
Launched and connected shader compiler UnityShaderCompiler.exe after 0.03 seconds
Refreshing native plugins compatible for Editor in 0.36 ms, found 3 plugins.
Preloading 0 native plugins for Editor in 0.00 ms.
Unloading 2197 Unused Serialized files (Serialized files now loaded: 0)
System memory in use before: 95.8 MB.
System memory in use after: 95.9 MB.

Unloading 28 unused Assets to reduce memory usage. Loaded Objects now: 2630.
Total: 2.005600 ms (FindLiveObjects: 0.099000 ms CreateObjectMapping: 0.032200 ms MarkObjects: 1.822100 ms  DeleteObjects: 0.051600 ms)

AssetImportParameters requested are different than current active one (requested -> active):
  custom:framework-win-MediaFoundation: 216162199b28c13a410421893ffa2e32 -> 
  custom:video-decoder-ogg-theora: a1e56fd34408186e4bbccfd4996cb3dc -> 
  custom:container-muxer-webm: aa71ff27fc2769a1b78a27578f13a17b -> 
  custom:container-demuxer-webm: 4f35f7cbe854078d1ac9338744f61a02 -> 
  custom:container-demuxer-ogg: 62fdf1f143b41e24485cea50d1cbac27 -> 
  custom:video-encoder-webm-vp8: eb34c28f22e8b96e1ab97ce403110664 -> 
  custom:video-decoder-webm-vp8: 9c59270c3fd7afecdb556c50c9e8de78 -> 
  custom:audio-decoder-ogg-vorbis: bf7c407c2cedff20999df2af8eb42d56 -> 
  custom:audio-encoder-webm-vorbis: bf7c407c2cedff20999df2af8eb42d56 -> 
========================================================================
Received Import Request.
  path: Assets
  artifactKey: Guid(00000000000000001000000000000000) Importer(815301076,1909f56bfc062723c751e8b465ee728b)
Start importing Assets using Guid(00000000000000001000000000000000) Importer(815301076,1909f56bfc062723c751e8b465ee728b)  -> (artifact id: '42d402b061de3733987d63b9cc3b64de') in 0.006302 seconds 
  Import took 0.008946 seconds .

========================================================================
Received Import Request.
  Time since last request: 3.642977 seconds.
  path: Assets/Scripts
  artifactKey: Guid(725c67a20c96387429bf93687972506e) Importer(815301076,1909f56bfc062723c751e8b465ee728b)
Start importing Assets/Scripts using Guid(725c67a20c96387429bf93687972506e) Importer(815301076,1909f56bfc062723c751e8b465ee728b)  -> (artifact id: '93afdf2d084854dc29436a1508164d05') in 0.006738 seconds 
  Import took 0.009878 seconds .

========================================================================
Received Import Request.
  Time since last request: 8.828846 seconds.
  path: Assets/Prefabs
  artifactKey: Guid(8677c7072c4283b478d8bbbf88d4f1d6) Importer(815301076,1909f56bfc062723c751e8b465ee728b)
Start importing Assets/Prefabs using Guid(8677c7072c4283b478d8bbbf88d4f1d6) Importer(815301076,1909f56bfc062723c751e8b465ee728b)  -> (artifact id: '77583cf8cd1faaa09e3aa7a10a272ae4') in 0.006936 seconds 
  Import took 0.009789 seconds .

========================================================================
Received Import Request.
  Time since last request: 9.056917 seconds.
  path: Assets/Images
  artifactKey: Guid(76520e696edfaa44dadc4454bdd30ead) Importer(815301076,1909f56bfc062723c751e8b465ee728b)
Start importing Assets/Images using Guid(76520e696edfaa44dadc4454bdd30ead) Importer(815301076,1909f56bfc062723c751e8b465ee728b)  -> (artifact id: 'd4ee6e7b7bbede3235c4acfd6340042f') in 0.005650 seconds 
  Import took 0.008087 seconds .

========================================================================
Received Import Request.
  Time since last request: 51.114858 seconds.
  path: Assets/Images/Stick.png
  artifactKey: Guid(61a5073eced11cd48a41db4f39d8d506) Importer(815301076,1909f56bfc062723c751e8b465ee728b)
Start importing Assets/Images/Stick.png using Guid(61a5073eced11cd48a41db4f39d8d506) Importer(815301076,1909f56bfc062723c751e8b465ee728b)  -> (artifact id: '92fc9899bdeb4ca8934bfbcd97e85e24') in 0.083916 seconds 
  Import took 0.086389 seconds .

========================================================================
Received Import Request.
  Time since last request: 39.094181 seconds.
  path: Assets/Prefabs/Stick.prefab
  artifactKey: Guid(d69f7c33fd716d24098de3871725b80a) Importer(815301076,1909f56bfc062723c751e8b465ee728b)
Start importing Assets/Prefabs/Stick.prefab using Guid(d69f7c33fd716d24098de3871725b80a) Importer(815301076,1909f56bfc062723c751e8b465ee728b)  -> (artifact id: '2edde1bdabd88fb6523170b1fc49df7b') in 0.041665 seconds 
  Import took 0.044124 seconds .

========================================================================
Received Import Request.
  Time since last request: 1277.662967 seconds.
  path: Assets/Prefabs/agle.prefab
  artifactKey: Guid(6246693595173e64ebdeac79f5ffdc8e) Importer(815301076,1909f56bfc062723c751e8b465ee728b)
Start importing Assets/Prefabs/agle.prefab using Guid(6246693595173e64ebdeac79f5ffdc8e) Importer(815301076,1909f56bfc062723c751e8b465ee728b)  -> (artifact id: 'ced7952eebf9c23b0067e5be46e6aa4c') in 0.009708 seconds 
  Import took 0.012925 seconds .

========================================================================
Received Import Request.
  Time since last request: 42.223553 seconds.
  path: Assets/Prefabs/Stick.prefab
  artifactKey: Guid(d69f7c33fd716d24098de3871725b80a) Importer(815301076,1909f56bfc062723c751e8b465ee728b)
Start importing Assets/Prefabs/Stick.prefab using Guid(d69f7c33fd716d24098de3871725b80a) Importer(815301076,1909f56bfc062723c751e8b465ee728b)  -> (artifact id: '9594ee0c2400ef3174e4c1309af680e1') in 0.008960 seconds 
  Import took 0.011450 seconds .

========================================================================
Received Import Request.
  Time since last request: 101.718686 seconds.
  path: Assets/Prefabs/agle.prefab
  artifactKey: Guid(6246693595173e64ebdeac79f5ffdc8e) Importer(815301076,1909f56bfc062723c751e8b465ee728b)
Start importing Assets/Prefabs/agle.prefab using Guid(6246693595173e64ebdeac79f5ffdc8e) Importer(815301076,1909f56bfc062723c751e8b465ee728b)  -> (artifact id: '9b31cb83c659f0e30d2fe10227b0354b') in 0.008641 seconds 
  Import took 0.011873 seconds .

========================================================================
Received Import Request.
  Time since last request: 557.078910 seconds.
  path: Assets/Images/agle.png
  artifactKey: Guid(6cb0c566b06ab6f41a6025e3d036f53c) Importer(815301076,1909f56bfc062723c751e8b465ee728b)
Start importing Assets/Images/agle.png using Guid(6cb0c566b06ab6f41a6025e3d036f53c) Importer(815301076,1909f56bfc062723c751e8b465ee728b)  -> (artifact id: '9ad0399c21982d91efe376b37c4cea8a') in 0.016935 seconds 
  Import took 0.020635 seconds .

AssetImportWorkerClient::OnTransportError - code=2 error=End of file
